INFO  time: initialize in 0.31s
WARN  no build tool detected in workspace '/Users/muskanvaswan/Desktop/WE Google'. The most common cause for this problem is that the editor was opened in the wrong working directory, for example if you use sbt then the workspace directory should contain build.sbt. 
WARN  no build target: /Users/muskanvaswan/Desktop/WE Google/hailstone.scala
WARN  no build tool detected in workspace '/Users/muskanvaswan/Desktop/WE Google'. The most common cause for this problem is that the editor was opened in the wrong working directory, for example if you use sbt then the workspace directory should contain build.sbt. 
INFO  no build target: using presentation compiler with only scala-library
WARN  no build target: /Users/muskanvaswan/Desktop/WE Google/fizzbuzz.scala
Jun 18, 2021 1:59:11 PM org.eclipse.lsp4j.jsonrpc.RemoteEndpoint handleNotification
WARNING: Notification threw an exception: {
  "jsonrpc": "2.0",
  "method": "textDocument/didOpen",
  "params": {
    "textDocument": {
      "uri": "file:///Users/muskanvaswan/Desktop/WE%20Google/rot13.scala",
      "languageId": "scala",
      "version": 1,
      "text": ""
    }
  }
}
java.lang.RuntimeException: java.lang.reflect.InvocationTargetException
	at org.eclipse.lsp4j.jsonrpc.services.GenericEndpoint.lambda$null$0(GenericEndpoint.java:67)
	at org.eclipse.lsp4j.jsonrpc.services.GenericEndpoint.notify(GenericEndpoint.java:152)
	at org.eclipse.lsp4j.jsonrpc.RemoteEndpoint.handleNotification(RemoteEndpoint.java:220)
	at org.eclipse.lsp4j.jsonrpc.RemoteEndpoint.consume(RemoteEndpoint.java:187)
	at org.eclipse.lsp4j.jsonrpc.json.StreamMessageProducer.handleMessage(StreamMessageProducer.java:192)
	at org.eclipse.lsp4j.jsonrpc.json.StreamMessageProducer.listen(StreamMessageProducer.java:94)
	at org.eclipse.lsp4j.jsonrpc.json.ConcurrentMessageProcessor.run(ConcurrentMessageProcessor.java:113)
	at java.base/java.util.concurrent.Executors$RunnableAdapter.call(Executors.java:515)
	at java.base/java.util.concurrent.FutureTask.run(FutureTask.java:264)
	at java.base/java.util.concurrent.ThreadPoolExecutor.runWorker(ThreadPoolExecutor.java:1128)
	at java.base/java.util.concurrent.ThreadPoolExecutor$Worker.run(ThreadPoolExecutor.java:628)
	at java.base/java.lang.Thread.run(Thread.java:829)
Caused by: java.lang.reflect.InvocationTargetException
	at java.base/jdk.internal.reflect.NativeMethodAccessorImpl.invoke0(Native Method)
	at java.base/jdk.internal.reflect.NativeMethodAccessorImpl.invoke(NativeMethodAccessorImpl.java:62)
	at java.base/jdk.internal.reflect.DelegatingMethodAccessorImpl.invoke(DelegatingMethodAccessorImpl.java:43)
	at java.base/java.lang.reflect.Method.invoke(Method.java:566)
	at org.eclipse.lsp4j.jsonrpc.services.GenericEndpoint.lambda$null$0(GenericEndpoint.java:65)
	... 11 more
Caused by: java.nio.file.NoSuchFileException: /Users/muskanvaswan/Desktop/WE Google/rot13.scala
	at java.base/sun.nio.fs.UnixException.translateToIOException(UnixException.java:92)
	at java.base/sun.nio.fs.UnixException.rethrowAsIOException(UnixException.java:111)
	at java.base/sun.nio.fs.UnixException.rethrowAsIOException(UnixException.java:116)
	at java.base/sun.nio.fs.UnixFileSystemProvider.newByteChannel(UnixFileSystemProvider.java:219)
	at java.base/java.nio.file.Files.newByteChannel(Files.java:371)
	at java.base/java.nio.file.Files.newByteChannel(Files.java:422)
	at java.base/java.nio.file.Files.readAllBytes(Files.java:3206)
	at scala.meta.internal.io.PlatformFileIO$.slurp(PlatformFileIO.scala:45)
	at scala.meta.internal.io.FileIO$.slurp(FileIO.scala:24)
	at scala.meta.internal.metals.MetalsLanguageServer.didOpen(MetalsLanguageServer.scala:564)
	... 16 more

WARN  no build target: /Users/muskanvaswan/Desktop/WE Google/rot13.scala
WARN  no build target: /Users/muskanvaswan/Desktop/WE Google/rot13.scala
WARN  no build target: 
WARN  no build tool detected in workspace '/Users/muskanvaswan/Desktop/WE Google'. The most common cause for this problem is that the editor was opened in the wrong working directory, for example if you use sbt then the workspace directory should contain build.sbt. 
WARN  no build target: /Users/muskanvaswan/Desktop/WE Google/rot13.scala
WARN  no build target: 
WARN  no build tool detected in workspace '/Users/muskanvaswan/Desktop/WE Google'. The most common cause for this problem is that the editor was opened in the wrong working directory, for example if you use sbt then the workspace directory should contain build.sbt. 
WARN  no build target: /Users/muskanvaswan/Desktop/WE Google/rot13.scala
WARN  no build target: 
WARN  no build target: /Users/muskanvaswan/Desktop/WE Google/rot13.scala
WARN  no build target: 
WARN  no build target: /Users/muskanvaswan/Desktop/WE Google/rot13.scala
WARN  no build target: 
WARN  no build tool detected in workspace '/Users/muskanvaswan/Desktop/WE Google'. The most common cause for this problem is that the editor was opened in the wrong working directory, for example if you use sbt then the workspace directory should contain build.sbt. 
WARN  no build target: /Users/muskanvaswan/Desktop/WE Google/rot13.scala
WARN  no build target: 
WARN  no build target: /Users/muskanvaswan/Desktop/WE Google/rot13.scala
WARN  no build target: 
WARN  no build target: /Users/muskanvaswan/Desktop/WE Google/rot13.scala
WARN  no build target: 
WARN  no build tool detected in workspace '/Users/muskanvaswan/Desktop/WE Google'. The most common cause for this problem is that the editor was opened in the wrong working directory, for example if you use sbt then the workspace directory should contain build.sbt. 
WARN  no build tool detected in workspace '/Users/muskanvaswan/Desktop/WE Google'. The most common cause for this problem is that the editor was opened in the wrong working directory, for example if you use sbt then the workspace directory should contain build.sbt. 
WARN  no build target: /Users/muskanvaswan/Desktop/WE Google/rot13.scala
WARN  no build target: 
WARN  no build target: /Users/muskanvaswan/Desktop/WE Google/rot13.scala
WARN  no build target: 
WARN  no build target: /Users/muskanvaswan/Desktop/WE Google/rot13.scala
WARN  no build target: 
WARN  no build target: /Users/muskanvaswan/Desktop/WE Google/fizzbuzz.scala
WARN  no build target: /Users/muskanvaswan/Desktop/WE Google/rot13.scala
WARN  no build target: 
WARN  no build tool detected in workspace '/Users/muskanvaswan/Desktop/WE Google'. The most common cause for this problem is that the editor was opened in the wrong working directory, for example if you use sbt then the workspace directory should contain build.sbt. 
WARN  no build target: /Users/muskanvaswan/Desktop/WE Google/rot13.scala
WARN  no build target: 
WARN  no build target: /Users/muskanvaswan/Desktop/WE Google/rot13.scala
WARN  no build target: 
WARN  no build tool detected in workspace '/Users/muskanvaswan/Desktop/WE Google'. The most common cause for this problem is that the editor was opened in the wrong working directory, for example if you use sbt then the workspace directory should contain build.sbt. 
WARN  no build target: /Users/muskanvaswan/Desktop/WE Google/rot13.scala
WARN  no build target: 
WARN  no build target: /Users/muskanvaswan/Desktop/WE Google/rot13.scala
WARN  no build target: 
WARN  no build target: /Users/muskanvaswan/Desktop/WE Google/rot13.scala
WARN  no build target: 
WARN  no build tool detected in workspace '/Users/muskanvaswan/Desktop/WE Google'. The most common cause for this problem is that the editor was opened in the wrong working directory, for example if you use sbt then the workspace directory should contain build.sbt. 
WARN  no build target: /Users/muskanvaswan/Desktop/WE Google/rot13.scala
WARN  no build target: 
WARN  no build tool detected in workspace '/Users/muskanvaswan/Desktop/WE Google'. The most common cause for this problem is that the editor was opened in the wrong working directory, for example if you use sbt then the workspace directory should contain build.sbt. 
WARN  no build target: /Users/muskanvaswan/Desktop/WE Google/rot13.scala
WARN  no build target: 
WARN  no build target: /Users/muskanvaswan/Desktop/WE Google/rot13.scala
WARN  no build target: 
WARN  no build tool detected in workspace '/Users/muskanvaswan/Desktop/WE Google'. The most common cause for this problem is that the editor was opened in the wrong working directory, for example if you use sbt then the workspace directory should contain build.sbt. 
WARN  no build target: /Users/muskanvaswan/Desktop/WE Google/rot13.scala
WARN  no build target: 
WARN  no build tool detected in workspace '/Users/muskanvaswan/Desktop/WE Google'. The most common cause for this problem is that the editor was opened in the wrong working directory, for example if you use sbt then the workspace directory should contain build.sbt. 
WARN  no build tool detected in workspace '/Users/muskanvaswan/Desktop/WE Google'. The most common cause for this problem is that the editor was opened in the wrong working directory, for example if you use sbt then the workspace directory should contain build.sbt. 
WARN  no build target: /Users/muskanvaswan/Desktop/WE Google/rot13.scala
WARN  no build target: 
WARN  no build target: /Users/muskanvaswan/Desktop/WE Google/rot13.scala
WARN  no build target: 
WARN  no build tool detected in workspace '/Users/muskanvaswan/Desktop/WE Google'. The most common cause for this problem is that the editor was opened in the wrong working directory, for example if you use sbt then the workspace directory should contain build.sbt. 
WARN  no build tool detected in workspace '/Users/muskanvaswan/Desktop/WE Google'. The most common cause for this problem is that the editor was opened in the wrong working directory, for example if you use sbt then the workspace directory should contain build.sbt. 
WARN  no build tool detected in workspace '/Users/muskanvaswan/Desktop/WE Google'. The most common cause for this problem is that the editor was opened in the wrong working directory, for example if you use sbt then the workspace directory should contain build.sbt. 
WARN  no build tool detected in workspace '/Users/muskanvaswan/Desktop/WE Google'. The most common cause for this problem is that the editor was opened in the wrong working directory, for example if you use sbt then the workspace directory should contain build.sbt. 
WARN  no build target: /Users/muskanvaswan/Desktop/WE Google/rot13.scala
WARN  no build target: 
Jun 18, 2021 2:50:11 PM org.eclipse.lsp4j.jsonrpc.RemoteEndpoint handleCancellation
WARNING: Unmatched cancel notification for request id 333
WARN  no build tool detected in workspace '/Users/muskanvaswan/Desktop/WE Google'. The most common cause for this problem is that the editor was opened in the wrong working directory, for example if you use sbt then the workspace directory should contain build.sbt. 
WARN  no build target: /Users/muskanvaswan/Desktop/WE Google/rot13.scala
WARN  no build target: 
WARN  no build target: /Users/muskanvaswan/Desktop/WE Google/rot13.scala
WARN  no build target: 
WARN  no build target: /Users/muskanvaswan/Desktop/WE Google/rot13.scala
WARN  no build target: 
WARN  no build target: /Users/muskanvaswan/Desktop/WE Google/rot13.scala
WARN  no build target: 
WARN  no build tool detected in workspace '/Users/muskanvaswan/Desktop/WE Google'. The most common cause for this problem is that the editor was opened in the wrong working directory, for example if you use sbt then the workspace directory should contain build.sbt. 
WARN  no build target: /Users/muskanvaswan/Desktop/WE Google/rot13.scala
WARN  no build target: 
WARN  no build target: /Users/muskanvaswan/Desktop/WE Google/rot13.scala
WARN  no build target: 
WARN  no build target: /Users/muskanvaswan/Desktop/WE Google/rot13.scala
WARN  no build target: 
WARN  no build tool detected in workspace '/Users/muskanvaswan/Desktop/WE Google'. The most common cause for this problem is that the editor was opened in the wrong working directory, for example if you use sbt then the workspace directory should contain build.sbt. 
WARN  no build target: /Users/muskanvaswan/Desktop/WE Google/rot13.scala
WARN  no build target: 
WARN  no build tool detected in workspace '/Users/muskanvaswan/Desktop/WE Google'. The most common cause for this problem is that the editor was opened in the wrong working directory, for example if you use sbt then the workspace directory should contain build.sbt. 
WARN  no build tool detected in workspace '/Users/muskanvaswan/Desktop/WE Google'. The most common cause for this problem is that the editor was opened in the wrong working directory, for example if you use sbt then the workspace directory should contain build.sbt. 
WARN  no build tool detected in workspace '/Users/muskanvaswan/Desktop/WE Google'. The most common cause for this problem is that the editor was opened in the wrong working directory, for example if you use sbt then the workspace directory should contain build.sbt. 
WARN  no build tool detected in workspace '/Users/muskanvaswan/Desktop/WE Google'. The most common cause for this problem is that the editor was opened in the wrong working directory, for example if you use sbt then the workspace directory should contain build.sbt. 
WARN  no build target: /Users/muskanvaswan/Desktop/WE Google/rot13.scala
WARN  no build target: 
WARN  no build tool detected in workspace '/Users/muskanvaswan/Desktop/WE Google'. The most common cause for this problem is that the editor was opened in the wrong working directory, for example if you use sbt then the workspace directory should contain build.sbt. 
WARN  no build target: /Users/muskanvaswan/Desktop/WE Google/rot13.scala
WARN  no build target: 
WARN  no build tool detected in workspace '/Users/muskanvaswan/Desktop/WE Google'. The most common cause for this problem is that the editor was opened in the wrong working directory, for example if you use sbt then the workspace directory should contain build.sbt. 
WARN  no build tool detected in workspace '/Users/muskanvaswan/Desktop/WE Google'. The most common cause for this problem is that the editor was opened in the wrong working directory, for example if you use sbt then the workspace directory should contain build.sbt. 
WARN  no build target: /Users/muskanvaswan/Desktop/WE Google/rot13.scala
WARN  no build target: 
WARN  no build tool detected in workspace '/Users/muskanvaswan/Desktop/WE Google'. The most common cause for this problem is that the editor was opened in the wrong working directory, for example if you use sbt then the workspace directory should contain build.sbt. 
WARN  no build target: /Users/muskanvaswan/Desktop/WE Google/rot13.scala
WARN  no build target: 
WARN  no build tool detected in workspace '/Users/muskanvaswan/Desktop/WE Google'. The most common cause for this problem is that the editor was opened in the wrong working directory, for example if you use sbt then the workspace directory should contain build.sbt. 
WARN  no build target: /Users/muskanvaswan/Desktop/WE Google/rot13a.scala
Jun 18, 2021 4:24:11 PM org.eclipse.lsp4j.jsonrpc.RemoteEndpoint handleNotification
WARNING: Notification threw an exception: {
  "jsonrpc": "2.0",
  "method": "workspace/didChangeWatchedFiles",
  "params": {
    "changes": [
      {
        "uri": "file:///Users/muskanvaswan/Desktop/WE%20Google/rot13.scala",
        "type": 3
      },
      {
        "uri": "file:///Users/muskanvaswan/Desktop/WE%20Google/rot13a.scala",
        "type": 1
      }
    ]
  }
}
java.lang.RuntimeException: java.lang.reflect.InvocationTargetException
	at org.eclipse.lsp4j.jsonrpc.services.GenericEndpoint.lambda$null$0(GenericEndpoint.java:67)
	at org.eclipse.lsp4j.jsonrpc.services.GenericEndpoint.notify(GenericEndpoint.java:152)
	at org.eclipse.lsp4j.jsonrpc.RemoteEndpoint.handleNotification(RemoteEndpoint.java:220)
	at org.eclipse.lsp4j.jsonrpc.RemoteEndpoint.consume(RemoteEndpoint.java:187)
	at org.eclipse.lsp4j.jsonrpc.json.StreamMessageProducer.handleMessage(StreamMessageProducer.java:192)
	at org.eclipse.lsp4j.jsonrpc.json.StreamMessageProducer.listen(StreamMessageProducer.java:94)
	at org.eclipse.lsp4j.jsonrpc.json.ConcurrentMessageProcessor.run(ConcurrentMessageProcessor.java:113)
	at java.base/java.util.concurrent.Executors$RunnableAdapter.call(Executors.java:515)
	at java.base/java.util.concurrent.FutureTask.run(FutureTask.java:264)
	at java.base/java.util.concurrent.ThreadPoolExecutor.runWorker(ThreadPoolExecutor.java:1128)
	at java.base/java.util.concurrent.ThreadPoolExecutor$Worker.run(ThreadPoolExecutor.java:628)
	at java.base/java.lang.Thread.run(Thread.java:829)
Caused by: java.lang.reflect.InvocationTargetException
	at jdk.internal.reflect.GeneratedMethodAccessor8.invoke(Unknown Source)
	at java.base/jdk.internal.reflect.DelegatingMethodAccessorImpl.invoke(DelegatingMethodAccessorImpl.java:43)
	at java.base/java.lang.reflect.Method.invoke(Method.java:566)
	at org.eclipse.lsp4j.jsonrpc.services.GenericEndpoint.lambda$null$0(GenericEndpoint.java:65)
	... 11 more
Caused by: java.nio.file.NoSuchFileException: /Users/muskanvaswan/Desktop/WE Google/rot13.scala
	at java.base/sun.nio.fs.UnixException.translateToIOException(UnixException.java:92)
	at java.base/sun.nio.fs.UnixException.rethrowAsIOException(UnixException.java:111)
	at java.base/sun.nio.fs.UnixException.rethrowAsIOException(UnixException.java:116)
	at java.base/sun.nio.fs.UnixFileSystemProvider.newByteChannel(UnixFileSystemProvider.java:219)
	at java.base/java.nio.file.Files.newByteChannel(Files.java:371)
	at java.base/java.nio.file.Files.newByteChannel(Files.java:422)
	at java.base/java.nio.file.Files.readAllBytes(Files.java:3206)
	at scala.meta.internal.io.PlatformFileIO$.slurp(PlatformFileIO.scala:45)
	at scala.meta.internal.io.FileIO$.slurp(FileIO.scala:24)
	at scala.meta.internal.metals.MetalsLanguageServer.$anonfun$onChange$1(MetalsLanguageServer.scala:725)
	at scala.meta.internal.metals.MetalsLanguageServer.$anonfun$onChange$1$adapted(MetalsLanguageServer.scala:724)
	at scala.collection.immutable.Stream.foreach(Stream.scala:533)
	at scala.meta.internal.metals.MetalsLanguageServer.onChange(MetalsLanguageServer.scala:724)
	at scala.meta.internal.metals.MetalsLanguageServer.didChangeWatchedFiles(MetalsLanguageServer.scala:689)
	... 15 more

WARN  no build target: /Users/muskanvaswan/Desktop/WE Google/rot13a.scala
WARN  no build target: 
INFO  shutting down Metals
INFO  time: initialize in 0.34s
WARN  no build tool detected in workspace '/Users/muskanvaswan/Desktop/WE Google'. The most common cause for this problem is that the editor was opened in the wrong working directory, for example if you use sbt then the workspace directory should contain build.sbt. 
WARN  no build target: /Users/muskanvaswan/Desktop/WE Google/toRoman.scala
INFO  shutting down Metals
INFO  time: initialize in 0.33s
WARN  no build tool detected in workspace '/Users/muskanvaswan/Desktop/WE Google'. The most common cause for this problem is that the editor was opened in the wrong working directory, for example if you use sbt then the workspace directory should contain build.sbt. 
WARN  no build target: /Users/muskanvaswan/Desktop/WE Google/toRoman.scala
INFO  no build target: using presentation compiler with only scala-library
WARN  no build target: /Users/muskanvaswan/Desktop/WE Google/fizzbuzz.scala
INFO  time: initialize in 0.3s
WARN  no build tool detected in workspace '/Users/muskanvaswan/Desktop/WE Google'. The most common cause for this problem is that the editor was opened in the wrong working directory, for example if you use sbt then the workspace directory should contain build.sbt. 
WARN  no build target: /Users/muskanvaswan/Desktop/WE Google/toRoman.scala
WARN  no build target: /Users/muskanvaswan/Desktop/WE Google/fizzbuzz.scala
INFO  no build target: using presentation compiler with only scala-library
WARN  no build tool detected in workspace '/Users/muskanvaswan/Desktop/WE Google'. The most common cause for this problem is that the editor was opened in the wrong working directory, for example if you use sbt then the workspace directory should contain build.sbt. 
WARN  no build tool detected in workspace '/Users/muskanvaswan/Desktop/WE Google'. The most common cause for this problem is that the editor was opened in the wrong working directory, for example if you use sbt then the workspace directory should contain build.sbt. 
WARN  no build target: /Users/muskanvaswan/Desktop/WE Google/toRoman.scala
WARN  no build target: /Users/muskanvaswan/Desktop/WE Google/toRoman.scala
WARN  no build target: 
WARN  no build target: 
WARN  no build target: /Users/muskanvaswan/Desktop/WE Google/toRoman.scala
WARN  no build target: /Users/muskanvaswan/Desktop/WE Google/toRoman.scala
WARN  no build target: 
WARN  no build target: 
WARN  no build tool detected in workspace '/Users/muskanvaswan/Desktop/WE Google'. The most common cause for this problem is that the editor was opened in the wrong working directory, for example if you use sbt then the workspace directory should contain build.sbt. 
WARN  no build target: /Users/muskanvaswan/Desktop/WE Google/toRoman.scala
WARN  no build target: /Users/muskanvaswan/Desktop/WE Google/toRoman.scala
WARN  no build target: 
WARN  no build target: 
WARN  no build tool detected in workspace '/Users/muskanvaswan/Desktop/WE Google'. The most common cause for this problem is that the editor was opened in the wrong working directory, for example if you use sbt then the workspace directory should contain build.sbt. 
WARN  no build target: /Users/muskanvaswan/Desktop/WE Google/toRoman.scala
WARN  no build target: /Users/muskanvaswan/Desktop/WE Google/toRoman.scala
WARN  no build target: 
WARN  no build target: 
WARN  no build tool detected in workspace '/Users/muskanvaswan/Desktop/WE Google'. The most common cause for this problem is that the editor was opened in the wrong working directory, for example if you use sbt then the workspace directory should contain build.sbt. 
WARN  no build target: /Users/muskanvaswan/Desktop/WE Google/toRoman.scala
WARN  no build target: /Users/muskanvaswan/Desktop/WE Google/toRoman.scala
WARN  no build target: 
WARN  no build target: 
WARN  no build tool detected in workspace '/Users/muskanvaswan/Desktop/WE Google'. The most common cause for this problem is that the editor was opened in the wrong working directory, for example if you use sbt then the workspace directory should contain build.sbt. 
WARN  no build target: /Users/muskanvaswan/Desktop/WE Google/toRoman.scala
WARN  no build target: /Users/muskanvaswan/Desktop/WE Google/toRoman.scala
WARN  no build target: 
WARN  no build target: 
WARN  no build tool detected in workspace '/Users/muskanvaswan/Desktop/WE Google'. The most common cause for this problem is that the editor was opened in the wrong working directory, for example if you use sbt then the workspace directory should contain build.sbt. 
WARN  no build target: /Users/muskanvaswan/Desktop/WE Google/toRoman.scala
WARN  no build target: /Users/muskanvaswan/Desktop/WE Google/toRoman.scala
WARN  no build target: 
WARN  no build target: 
WARN  no build tool detected in workspace '/Users/muskanvaswan/Desktop/WE Google'. The most common cause for this problem is that the editor was opened in the wrong working directory, for example if you use sbt then the workspace directory should contain build.sbt. 
WARN  no build target: /Users/muskanvaswan/Desktop/WE Google/toRoman.scala
WARN  no build target: /Users/muskanvaswan/Desktop/WE Google/toRoman.scala
WARN  no build target: 
WARN  no build target: 
WARN  no build tool detected in workspace '/Users/muskanvaswan/Desktop/WE Google'. The most common cause for this problem is that the editor was opened in the wrong working directory, for example if you use sbt then the workspace directory should contain build.sbt. 
WARN  no build target: /Users/muskanvaswan/Desktop/WE Google/toRoman.scala
WARN  no build target: /Users/muskanvaswan/Desktop/WE Google/toRoman.scala
WARN  no build target: 
WARN  no build target: 
WARN  no build tool detected in workspace '/Users/muskanvaswan/Desktop/WE Google'. The most common cause for this problem is that the editor was opened in the wrong working directory, for example if you use sbt then the workspace directory should contain build.sbt. 
WARN  no build tool detected in workspace '/Users/muskanvaswan/Desktop/WE Google'. The most common cause for this problem is that the editor was opened in the wrong working directory, for example if you use sbt then the workspace directory should contain build.sbt. 
WARN  no build tool detected in workspace '/Users/muskanvaswan/Desktop/WE Google'. The most common cause for this problem is that the editor was opened in the wrong working directory, for example if you use sbt then the workspace directory should contain build.sbt. 
WARN  no build target: /Users/muskanvaswan/Desktop/WE Google/toRoman.scala
WARN  no build target: /Users/muskanvaswan/Desktop/WE Google/toRoman.scala
WARN  no build target: 
WARN  no build target: 
WARN  no build tool detected in workspace '/Users/muskanvaswan/Desktop/WE Google'. The most common cause for this problem is that the editor was opened in the wrong working directory, for example if you use sbt then the workspace directory should contain build.sbt. 
WARN  no build tool detected in workspace '/Users/muskanvaswan/Desktop/WE Google'. The most common cause for this problem is that the editor was opened in the wrong working directory, for example if you use sbt then the workspace directory should contain build.sbt. 
WARN  no build target: /Users/muskanvaswan/Desktop/WE Google/toRoman.scala
WARN  no build target: /Users/muskanvaswan/Desktop/WE Google/toRoman.scala
WARN  no build target: 
WARN  no build target: 
WARN  no build tool detected in workspace '/Users/muskanvaswan/Desktop/WE Google'. The most common cause for this problem is that the editor was opened in the wrong working directory, for example if you use sbt then the workspace directory should contain build.sbt. 
WARN  no build target: /Users/muskanvaswan/Desktop/WE Google/toRoman.scala
WARN  no build target: /Users/muskanvaswan/Desktop/WE Google/toRoman.scala
WARN  no build target: 
WARN  no build target: 
WARN  no build target: /Users/muskanvaswan/Desktop/WE Google/toRoman.scala
WARN  no build target: /Users/muskanvaswan/Desktop/WE Google/toRoman.scala
WARN  no build target: 
WARN  no build target: 
WARN  no build tool detected in workspace '/Users/muskanvaswan/Desktop/WE Google'. The most common cause for this problem is that the editor was opened in the wrong working directory, for example if you use sbt then the workspace directory should contain build.sbt. 
WARN  no build target: /Users/muskanvaswan/Desktop/WE Google/toRoman.scala
WARN  no build target: /Users/muskanvaswan/Desktop/WE Google/toRoman.scala
WARN  no build target: 
WARN  no build target: 
WARN  no build tool detected in workspace '/Users/muskanvaswan/Desktop/WE Google'. The most common cause for this problem is that the editor was opened in the wrong working directory, for example if you use sbt then the workspace directory should contain build.sbt. 
WARN  no build target: /Users/muskanvaswan/Desktop/WE Google/toRoman.scala
WARN  no build target: /Users/muskanvaswan/Desktop/WE Google/toRoman.scala
WARN  no build target: 
WARN  no build target: 
WARN  no build tool detected in workspace '/Users/muskanvaswan/Desktop/WE Google'. The most common cause for this problem is that the editor was opened in the wrong working directory, for example if you use sbt then the workspace directory should contain build.sbt. 
WARN  no build target: /Users/muskanvaswan/Desktop/WE Google/toRoman.scala
WARN  no build target: /Users/muskanvaswan/Desktop/WE Google/toRoman.scala
WARN  no build target: 
WARN  no build target: 
WARN  no build tool detected in workspace '/Users/muskanvaswan/Desktop/WE Google'. The most common cause for this problem is that the editor was opened in the wrong working directory, for example if you use sbt then the workspace directory should contain build.sbt. 
WARN  no build target: /Users/muskanvaswan/Desktop/WE Google/toRoman.scala
WARN  no build target: /Users/muskanvaswan/Desktop/WE Google/toRoman.scala
WARN  no build target: 
WARN  no build target: 
WARN  no build tool detected in workspace '/Users/muskanvaswan/Desktop/WE Google'. The most common cause for this problem is that the editor was opened in the wrong working directory, for example if you use sbt then the workspace directory should contain build.sbt. 
WARN  no build target: /Users/muskanvaswan/Desktop/WE Google/toRoman.scala
WARN  no build target: /Users/muskanvaswan/Desktop/WE Google/toRoman.scala
WARN  no build target: 
WARN  no build target: 
WARN  no build target: /Users/muskanvaswan/Desktop/WE Google/toRoman.scala
WARN  no build target: /Users/muskanvaswan/Desktop/WE Google/toRoman.scala
WARN  no build target: 
WARN  no build target: 
WARN  no build tool detected in workspace '/Users/muskanvaswan/Desktop/WE Google'. The most common cause for this problem is that the editor was opened in the wrong working directory, for example if you use sbt then the workspace directory should contain build.sbt. 
WARN  no build target: /Users/muskanvaswan/Desktop/WE Google/toRoman.scala
WARN  no build target: /Users/muskanvaswan/Desktop/WE Google/toRoman.scala
WARN  no build target: 
WARN  no build target: 
WARN  no build tool detected in workspace '/Users/muskanvaswan/Desktop/WE Google'. The most common cause for this problem is that the editor was opened in the wrong working directory, for example if you use sbt then the workspace directory should contain build.sbt. 
WARN  no build target: /Users/muskanvaswan/Desktop/WE Google/toRoman.scala
WARN  no build target: /Users/muskanvaswan/Desktop/WE Google/toRoman.scala
WARN  no build target: 
WARN  no build target: 
WARN  no build target: /Users/muskanvaswan/Desktop/WE Google/toRoman.scala
WARN  no build target: /Users/muskanvaswan/Desktop/WE Google/toRoman.scala
WARN  no build target: 
WARN  no build target: 
WARN  no build tool detected in workspace '/Users/muskanvaswan/Desktop/WE Google'. The most common cause for this problem is that the editor was opened in the wrong working directory, for example if you use sbt then the workspace directory should contain build.sbt. 
WARN  no build target: /Users/muskanvaswan/Desktop/WE Google/toRoman.scala
WARN  no build target: /Users/muskanvaswan/Desktop/WE Google/toRoman.scala
WARN  no build target: 
WARN  no build target: 
WARN  no build tool detected in workspace '/Users/muskanvaswan/Desktop/WE Google'. The most common cause for this problem is that the editor was opened in the wrong working directory, for example if you use sbt then the workspace directory should contain build.sbt. 
WARN  no build tool detected in workspace '/Users/muskanvaswan/Desktop/WE Google'. The most common cause for this problem is that the editor was opened in the wrong working directory, for example if you use sbt then the workspace directory should contain build.sbt. 
WARN  no build target: /Users/muskanvaswan/Desktop/WE Google/toRoman.scala
WARN  no build target: /Users/muskanvaswan/Desktop/WE Google/toRoman.scala
WARN  no build target: 
WARN  no build target: 
WARN  no build tool detected in workspace '/Users/muskanvaswan/Desktop/WE Google'. The most common cause for this problem is that the editor was opened in the wrong working directory, for example if you use sbt then the workspace directory should contain build.sbt. 
WARN  no build target: /Users/muskanvaswan/Desktop/WE Google/toRoman.scala
WARN  no build target: /Users/muskanvaswan/Desktop/WE Google/toRoman.scala
WARN  no build target: 
WARN  no build target: 
WARN  no build target: /Users/muskanvaswan/Desktop/WE Google/toRoman.scala
WARN  no build target: /Users/muskanvaswan/Desktop/WE Google/toRoman.scala
WARN  no build target: 
WARN  no build target: 
WARN  no build tool detected in workspace '/Users/muskanvaswan/Desktop/WE Google'. The most common cause for this problem is that the editor was opened in the wrong working directory, for example if you use sbt then the workspace directory should contain build.sbt. 
WARN  no build tool detected in workspace '/Users/muskanvaswan/Desktop/WE Google'. The most common cause for this problem is that the editor was opened in the wrong working directory, for example if you use sbt then the workspace directory should contain build.sbt. 
WARN  no build target: /Users/muskanvaswan/Desktop/WE Google/toRoman.scala
WARN  no build target: /Users/muskanvaswan/Desktop/WE Google/toRoman.scala
WARN  no build target: 
WARN  no build target: 
WARN  no build tool detected in workspace '/Users/muskanvaswan/Desktop/WE Google'. The most common cause for this problem is that the editor was opened in the wrong working directory, for example if you use sbt then the workspace directory should contain build.sbt. 
WARN  no build target: /Users/muskanvaswan/Desktop/WE Google/toRoman.scala
WARN  no build target: /Users/muskanvaswan/Desktop/WE Google/toRoman.scala
WARN  no build target: 
WARN  no build target: 
WARN  no build target: /Users/muskanvaswan/Desktop/WE Google/rot13a.scala
WARN  no build target: /Users/muskanvaswan/Desktop/WE Google/rot13a.scala
WARN  no build target: /Users/muskanvaswan/Desktop/WE Google/rot13a.scala
WARN  no build target: /Users/muskanvaswan/Desktop/WE Google/rot13a.scala
WARN  no build target: 
WARN  no build target: 
WARN  no build target: /Users/muskanvaswan/Desktop/WE Google/rot13a.scala
WARN  no build target: /Users/muskanvaswan/Desktop/WE Google/rot13a.scala
INFO  shutting down Metals
WARN  no build target: 
INFO  shutting down Metals
INFO  time: initialize in 0.32s
WARN  no build tool detected in workspace '/Users/muskanvaswan/Desktop/WE Google'. The most common cause for this problem is that the editor was opened in the wrong working directory, for example if you use sbt then the workspace directory should contain build.sbt. 
WARN  no build target: /Users/muskanvaswan/Desktop/WE Google/toRoman.scala
WARN  no build target: /Users/muskanvaswan/Desktop/WE Google/rot13a.scala
WARN  no build target: /Users/muskanvaswan/Desktop/WE Google/mountain.scala
INFO  no build target: using presentation compiler with only scala-library
WARN  no build target: /Users/muskanvaswan/Desktop/WE Google/fizzbuzz.scala
WARN  no build target: /Users/muskanvaswan/Desktop/WE Google/mountain.scala
WARN  no build target: /Users/muskanvaswan/Desktop/WE Google/mountain2.scala
WARN  no build target: /Users/muskanvaswan/Desktop/WE Google/mountain2.scala
WARN  no build target: /Users/muskanvaswan/Desktop/WE Google/mountain.scala
WARN  no build tool detected in workspace '/Users/muskanvaswan/Desktop/WE Google'. The most common cause for this problem is that the editor was opened in the wrong working directory, for example if you use sbt then the workspace directory should contain build.sbt. 
WARN  no build tool detected in workspace '/Users/muskanvaswan/Desktop/WE Google'. The most common cause for this problem is that the editor was opened in the wrong working directory, for example if you use sbt then the workspace directory should contain build.sbt. 
WARN  no build tool detected in workspace '/Users/muskanvaswan/Desktop/WE Google'. The most common cause for this problem is that the editor was opened in the wrong working directory, for example if you use sbt then the workspace directory should contain build.sbt. 
WARN  no build tool detected in workspace '/Users/muskanvaswan/Desktop/WE Google'. The most common cause for this problem is that the editor was opened in the wrong working directory, for example if you use sbt then the workspace directory should contain build.sbt. 
WARN  no build tool detected in workspace '/Users/muskanvaswan/Desktop/WE Google'. The most common cause for this problem is that the editor was opened in the wrong working directory, for example if you use sbt then the workspace directory should contain build.sbt. 
WARN  no build tool detected in workspace '/Users/muskanvaswan/Desktop/WE Google'. The most common cause for this problem is that the editor was opened in the wrong working directory, for example if you use sbt then the workspace directory should contain build.sbt. 
WARN  no build tool detected in workspace '/Users/muskanvaswan/Desktop/WE Google'. The most common cause for this problem is that the editor was opened in the wrong working directory, for example if you use sbt then the workspace directory should contain build.sbt. 
WARN  no build tool detected in workspace '/Users/muskanvaswan/Desktop/WE Google'. The most common cause for this problem is that the editor was opened in the wrong working directory, for example if you use sbt then the workspace directory should contain build.sbt. 
WARN  no build tool detected in workspace '/Users/muskanvaswan/Desktop/WE Google'. The most common cause for this problem is that the editor was opened in the wrong working directory, for example if you use sbt then the workspace directory should contain build.sbt. 
WARN  no build target: /Users/muskanvaswan/Desktop/WE Google/mountain2.scala
WARN  no build target: 
WARN  no build tool detected in workspace '/Users/muskanvaswan/Desktop/WE Google'. The most common cause for this problem is that the editor was opened in the wrong working directory, for example if you use sbt then the workspace directory should contain build.sbt. 
WARN  no build tool detected in workspace '/Users/muskanvaswan/Desktop/WE Google'. The most common cause for this problem is that the editor was opened in the wrong working directory, for example if you use sbt then the workspace directory should contain build.sbt. 
WARN  no build tool detected in workspace '/Users/muskanvaswan/Desktop/WE Google'. The most common cause for this problem is that the editor was opened in the wrong working directory, for example if you use sbt then the workspace directory should contain build.sbt. 
WARN  no build tool detected in workspace '/Users/muskanvaswan/Desktop/WE Google'. The most common cause for this problem is that the editor was opened in the wrong working directory, for example if you use sbt then the workspace directory should contain build.sbt. 
WARN  no build target: /Users/muskanvaswan/Desktop/WE Google/mountain.scala
WARN  no build target: 
WARN  no build target: /Users/muskanvaswan/Desktop/WE Google/mountain3.scala
WARN  no build target: /Users/muskanvaswan/Desktop/WE Google/mountain3.scala
WARN  no build tool detected in workspace '/Users/muskanvaswan/Desktop/WE Google'. The most common cause for this problem is that the editor was opened in the wrong working directory, for example if you use sbt then the workspace directory should contain build.sbt. 
WARN  no build target: /Users/muskanvaswan/Desktop/WE Google/mountain3.scala
WARN  no build target: 
WARN  no build target: /Users/muskanvaswan/Desktop/WE Google/mountain3.scala
WARN  no build target: 
WARN  no build tool detected in workspace '/Users/muskanvaswan/Desktop/WE Google'. The most common cause for this problem is that the editor was opened in the wrong working directory, for example if you use sbt then the workspace directory should contain build.sbt. 
WARN  no build target: /Users/muskanvaswan/Desktop/WE Google/mountain3.scala
WARN  no build target: 
WARN  no build target: /Users/muskanvaswan/Desktop/WE Google/mountain.scala
WARN  no build target: 
INFO  shutting down Metals
java.util.concurrent.RejectedExecutionException: Task scala.concurrent.impl.CallbackRunnable@67273a16 rejected from java.util.concurrent.ThreadPoolExecutor@41e09c2b[Shutting down, pool size = 1, active threads = 1, queued tasks = 0, completed tasks = 1]
	at java.base/java.util.concurrent.ThreadPoolExecutor$AbortPolicy.rejectedExecution(ThreadPoolExecutor.java:2055)
	at java.base/java.util.concurrent.ThreadPoolExecutor.reject(ThreadPoolExecutor.java:825)
	at java.base/java.util.concurrent.ThreadPoolExecutor.execute(ThreadPoolExecutor.java:1355)
	at scala.concurrent.impl.ExecutionContextImpl$$anon$4.execute(ExecutionContextImpl.scala:138)
	at scala.concurrent.impl.CallbackRunnable.executeWithValue(Promise.scala:72)
	at scala.concurrent.impl.Promise$DefaultPromise.$anonfun$tryComplete$1(Promise.scala:288)
	at scala.concurrent.impl.Promise$DefaultPromise.$anonfun$tryComplete$1$adapted(Promise.scala:288)
	at scala.concurrent.impl.Promise$DefaultPromise.tryComplete(Promise.scala:288)
	at scala.concurrent.Promise.complete(Promise.scala:53)
	at scala.concurrent.Promise.complete$(Promise.scala:52)
	at scala.concurrent.impl.Promise$DefaultPromise.complete(Promise.scala:187)
	at scala.concurrent.impl.Promise.$anonfun$transform$1(Promise.scala:33)
	at scala.concurrent.impl.CallbackRunnable.run(Promise.scala:64)
	at java.base/java.util.concurrent.ThreadPoolExecutor.runWorker(ThreadPoolExecutor.java:1128)
	at java.base/java.util.concurrent.ThreadPoolExecutor$Worker.run(ThreadPoolExecutor.java:628)
	at java.base/java.lang.Thread.run(Thread.java:829)
INFO  time: initialize in 0.33s
WARN  no build tool detected in workspace '/Users/muskanvaswan/Desktop/WE Google'. The most common cause for this problem is that the editor was opened in the wrong working directory, for example if you use sbt then the workspace directory should contain build.sbt. 
INFO  shutting down Metals
INFO  time: initialize in 0.36s
WARN  no build tool detected in workspace '/Users/muskanvaswan/Desktop/WE Google'. The most common cause for this problem is that the editor was opened in the wrong working directory, for example if you use sbt then the workspace directory should contain build.sbt. 
WARN  no build target: /Users/muskanvaswan/Desktop/WE Google/hailstone.scala
INFO  shutting down Metals
INFO  time: initialize in 0.35s
WARN  no build tool detected in workspace '/Users/muskanvaswan/Desktop/WE Google'. The most common cause for this problem is that the editor was opened in the wrong working directory, for example if you use sbt then the workspace directory should contain build.sbt. 
WARN  no build target: /Users/muskanvaswan/Desktop/WE Google/hailstone.scala
INFO  shutting down Metals
INFO  time: initialize in 0.33s
WARN  no build tool detected in workspace '/Users/muskanvaswan/Desktop/WE Google'. The most common cause for this problem is that the editor was opened in the wrong working directory, for example if you use sbt then the workspace directory should contain build.sbt. 
WARN  no build target: /Users/muskanvaswan/Desktop/WE Google/hailstone.scala
WARN  no build target: /Users/muskanvaswan/Desktop/WE Google/mountain3.scala
WARN  no build target: /Users/muskanvaswan/Desktop/WE Google/mountain3.scala
WARN  no build target: /Users/muskanvaswan/Desktop/WE Google/puzzle.scala
WARN  no build target: /Users/muskanvaswan/Desktop/WE Google/puzzle.scala
INFO  no build target: using presentation compiler with only scala-library
WARN  no build target: /Users/muskanvaswan/Desktop/WE Google/euler1.scala
WARN  no build target: /Users/muskanvaswan/Desktop/WE Google/armstrong.scala
WARN  no build tool detected in workspace '/Users/muskanvaswan/Desktop/WE Google'. The most common cause for this problem is that the editor was opened in the wrong working directory, for example if you use sbt then the workspace directory should contain build.sbt. 
WARN  no build tool detected in workspace '/Users/muskanvaswan/Desktop/WE Google'. The most common cause for this problem is that the editor was opened in the wrong working directory, for example if you use sbt then the workspace directory should contain build.sbt. 
WARN  no build tool detected in workspace '/Users/muskanvaswan/Desktop/WE Google'. The most common cause for this problem is that the editor was opened in the wrong working directory, for example if you use sbt then the workspace directory should contain build.sbt. 
WARN  no build tool detected in workspace '/Users/muskanvaswan/Desktop/WE Google'. The most common cause for this problem is that the editor was opened in the wrong working directory, for example if you use sbt then the workspace directory should contain build.sbt. 
WARN  no build tool detected in workspace '/Users/muskanvaswan/Desktop/WE Google'. The most common cause for this problem is that the editor was opened in the wrong working directory, for example if you use sbt then the workspace directory should contain build.sbt. 
WARN  no build tool detected in workspace '/Users/muskanvaswan/Desktop/WE Google'. The most common cause for this problem is that the editor was opened in the wrong working directory, for example if you use sbt then the workspace directory should contain build.sbt. 
WARN  no build target: /Users/muskanvaswan/Desktop/WE Google/puzzle.scala
WARN  no build target: 
WARN  no build tool detected in workspace '/Users/muskanvaswan/Desktop/WE Google'. The most common cause for this problem is that the editor was opened in the wrong working directory, for example if you use sbt then the workspace directory should contain build.sbt. 
WARN  no build tool detected in workspace '/Users/muskanvaswan/Desktop/WE Google'. The most common cause for this problem is that the editor was opened in the wrong working directory, for example if you use sbt then the workspace directory should contain build.sbt. 
WARN  no build target: /Users/muskanvaswan/Desktop/WE Google/puzzle.scala
WARN  no build target: 
WARN  no build target: /Users/muskanvaswan/Desktop/WE Google/puzzle.scala
WARN  no build target: 
WARN  no build target: /Users/muskanvaswan/Desktop/WE Google/puzzle.scala
WARN  no build target: 
WARN  no build target: /Users/muskanvaswan/Desktop/WE Google/puzzle.scala
WARN  no build target: 
WARN  no build tool detected in workspace '/Users/muskanvaswan/Desktop/WE Google'. The most common cause for this problem is that the editor was opened in the wrong working directory, for example if you use sbt then the workspace directory should contain build.sbt. 
WARN  no build target: /Users/muskanvaswan/Desktop/WE Google/euler1.scala
WARN  no build tool detected in workspace '/Users/muskanvaswan/Desktop/WE Google'. The most common cause for this problem is that the editor was opened in the wrong working directory, for example if you use sbt then the workspace directory should contain build.sbt. 
WARN  no build tool detected in workspace '/Users/muskanvaswan/Desktop/WE Google'. The most common cause for this problem is that the editor was opened in the wrong working directory, for example if you use sbt then the workspace directory should contain build.sbt. 
WARN  no build target: /Users/muskanvaswan/Desktop/WE Google/puzzle.scala
WARN  no build target: 
WARN  no build target: /Users/muskanvaswan/Desktop/WE Google/puzzle.scala
INFO  shutting down Metals
INFO  time: initialize in 0.33s
WARN  no build tool detected in workspace '/Users/muskanvaswan/Desktop/WE Google'. The most common cause for this problem is that the editor was opened in the wrong working directory, for example if you use sbt then the workspace directory should contain build.sbt. 
WARN  no build target: /Users/muskanvaswan/Desktop/WE Google/hailstone.scala
INFO  no build target: using presentation compiler with only scala-library
INFO  shutting down Metals
INFO  time: initialize in 0.31s
WARN  no build tool detected in workspace '/Users/muskanvaswan/Desktop/WE Google'. The most common cause for this problem is that the editor was opened in the wrong working directory, for example if you use sbt then the workspace directory should contain build.sbt. 
WARN  no build target: /Users/muskanvaswan/Desktop/WE Google/hailstone.scala
INFO  shutting down Metals
INFO  time: initialize in 0.33s
WARN  no build tool detected in workspace '/Users/muskanvaswan/Desktop/WE Google'. The most common cause for this problem is that the editor was opened in the wrong working directory, for example if you use sbt then the workspace directory should contain build.sbt. 
WARN  no build target: /Users/muskanvaswan/Desktop/WE Google/hailstone.scala
WARN  no build target: /Users/muskanvaswan/Desktop/WE Google/puzzle.scala
INFO  no build target: using presentation compiler with only scala-library
INFO  shutting down Metals
INFO  time: initialize in 0.35s
WARN  no build tool detected in workspace '/Users/muskanvaswan/Desktop/WE Google'. The most common cause for this problem is that the editor was opened in the wrong working directory, for example if you use sbt then the workspace directory should contain build.sbt. 
WARN  no build target: /Users/muskanvaswan/Desktop/WE Google/hailstone.scala
INFO  shutting down Metals
